<?xml version="1.0" encoding="UTF-8"?>
<testsuite xmlns:xsi="http://www.w3.org/2001/XMLSchema-instance" xsi:noNamespaceSchemaLocation="https://maven.apache.org/surefire/maven-surefire-plugin/xsd/surefire-test-report.xsd" name="CreateAccountTest" time="55.078" tests="2" errors="0" skipped="0" failures="0">
  <properties>
[...]
</properties>
  <testcase name="LoginAndBuy" classname="CreateAccountTest" time="23.93"/>
  <testcase name="createAccountAndBuy" classname="CreateAccountTest" time="31.119"/>
</testsuite>